<?xml version="1.0" encoding="UTF-8"?>
<testng-results ignored="0" total="1" passed="1" failed="0" skipped="0">
  <reporter-output>
  </reporter-output>
  <suite started-at="2024-02-06T09:17:07 IST" name="Default suite" finished-at="2024-02-06T09:17:29 IST" duration-ms="21490">
    <groups>
    </groups>
    <test started-at="2024-02-06T09:17:07 IST" name="Default test" finished-at="2024-02-06T09:17:29 IST" duration-ms="21490">
      <class name="PractiseDemo.UpdateNakuri">
        <test-method signature="Update_profile()[pri:0, instance:PractiseDemo.UpdateNakuri@f09733f]" started-at="2024-02-06T09:17:07 IST" name="Update_profile" finished-at="2024-02-06T09:17:28 IST" duration-ms="21435" status="PASS">
          <reporter-output>
          </reporter-output>
        </test-method> <!-- Update_profile -->
      </class> <!-- PractiseDemo.UpdateNakuri -->
    </test> <!-- Default test -->
  </suite> <!-- Default suite -->
</testng-results>
