<?xml version="1.0" encoding="UTF-8"?>
<testng-results ignored="0" total="1" passed="1" failed="0" skipped="0">
  <reporter-output>
  </reporter-output>
  <suite started-at="2024-02-06T08:58:58 IST" name="Default suite" finished-at="2024-02-06T08:59:05 IST" duration-ms="7814">
    <groups>
    </groups>
    <test started-at="2024-02-06T08:58:58 IST" name="Default test" finished-at="2024-02-06T08:59:05 IST" duration-ms="7814">
      <class name="Automation.SelectI_temfrom_SearchList_google">
        <test-method signature="SelectItem()[pri:0, instance:Automation.SelectI_temfrom_SearchList_google@434a63ab]" started-at="2024-02-06T08:58:58 IST" name="SelectItem" finished-at="2024-02-06T08:59:05 IST" duration-ms="7755" status="PASS">
          <reporter-output>
          </reporter-output>
        </test-method> <!-- SelectItem -->
      </class> <!-- Automation.SelectI_temfrom_SearchList_google -->
    </test> <!-- Default test -->
  </suite> <!-- Default suite -->
</testng-results>
