<?xml version="1.0" encoding="UTF-8"?>
<testng-results ignored="0" total="1" passed="1" failed="0" skipped="0">
  <reporter-output>
  </reporter-output>
  <suite started-at="2024-02-02T18:08:58 IST" name="Default suite" finished-at="2024-02-02T18:09:06 IST" duration-ms="8317">
    <groups>
    </groups>
    <test started-at="2024-02-02T18:08:58 IST" name="Default test" finished-at="2024-02-02T18:09:06 IST" duration-ms="8317">
      <class name="RestAssuredTest.RestTestExample3">
        <test-method signature="CheckRest()[pri:0, instance:RestAssuredTest.RestTestExample3@5d534f5d]" started-at="2024-02-02T18:08:58 IST" name="CheckRest" finished-at="2024-02-02T18:09:06 IST" duration-ms="8211" status="PASS">
          <reporter-output>
          </reporter-output>
        </test-method> <!-- CheckRest -->
      </class> <!-- RestAssuredTest.RestTestExample3 -->
    </test> <!-- Default test -->
  </suite> <!-- Default suite -->
</testng-results>
